<?xml version="1.0" encoding="UTF-8"?>
<testng-results skipped="0" failed="0" ignored="0" total="0" passed="0">
  <reporter-output>
  </reporter-output>
  <suite name="PlanSelectionSuite" duration-ms="9" started-at="2020-01-25T23:39:47Z" finished-at="2020-01-25T23:39:47Z">
    <groups>
    </groups>
    <test name="PlanTesting" duration-ms="9" started-at="2020-01-25T23:39:47Z" finished-at="2020-01-25T23:39:47Z">
    </test> <!-- PlanTesting -->
  </suite> <!-- PlanSelectionSuite -->
</testng-results>
