<?xml version="1.0" encoding="UTF-8"?>
<!-- Generated by org.testng.reporters.JUnitXMLReporter -->
<testsuite hostname="HariGeeth" ignored="0" name=" Chrome Test" tests="3" failures="0" timestamp="20 Jan 2020 01:39:06 GMT" time="8.593" errors="0">
  <testcase name="enterZipcodeValue" time="2.214" classname="com.jaya.tests.LoginTest"/>
  <testcase name="selectSearchResult" time="3.108" classname="com.jaya.tests.LoginTest"/>
  <testcase name="clickContinue" time="3.229" classname="com.jaya.tests.LoginTest"/>
</testsuite> <!--  Chrome Test -->
